<?xml version="1.0" encoding="UTF-8"?>
<!-- Generated by org.testng.reporters.JUnitReportReporter -->
<testsuite hostname="LAPTOP-M27EF16Q" failures="0" tests="2" name="com.edusoln.runner.TestRunner" time="14.336" errors="0" timestamp="2023-09-01T16:20:48 IST" skipped="0">
  <testcase classname="com.edusoln.runner.TestRunner" name="login" time="8.570"/>
  <system-out/>
  <testcase classname="com.edusoln.runner.TestRunner" name="login" time="5.766"/>
  <system-out/>
</testsuite> <!-- com.edusoln.runner.TestRunner -->
